[00:06:31] [Server thread/INFO]: goodjob[/31.205.87.190:65197] logged in with entity id 455856 at (902.9531920642247, 102.0, -1757.5323155088263)
[00:06:31] [Server thread/INFO]: goodjob joined the game
[00:14:13] [Server thread/INFO]: goodjob lost connection: Disconnected
[00:14:13] [Server thread/INFO]: goodjob left the game
[01:19:57] [Server thread/INFO]: saintyosl[/152.78.0.251:56122] logged in with entity id 458951 at (915.0571290125833, 102.0, -1763.512401142716)
[01:19:57] [Server thread/INFO]: saintyosl joined the game
[02:52:27] [Server thread/INFO]: saintyosl lost connection: Disconnected
[02:52:27] [Server thread/INFO]: saintyosl left the game
[02:52:30] [Server thread/INFO]: saintyosl[/152.78.0.251:59945] logged in with entity id 485898 at (926.8075971363372, 102.0, -1761.5520193459515)
[02:52:30] [Server thread/INFO]: saintyosl joined the game
[02:52:33] [Server thread/INFO]: saintyosl lost connection: Disconnected
[02:52:33] [Server thread/INFO]: saintyosl left the game
[02:52:43] [Server thread/INFO]: saintyosl[/152.78.0.251:53712] logged in with entity id 486410 at (926.8075971363372, 102.0, -1761.5520193459515)
[02:52:43] [Server thread/INFO]: saintyosl joined the game
[03:02:44] [Server thread/INFO]: saintyosl lost connection: Disconnected
[03:02:44] [Server thread/INFO]: saintyosl left the game
[03:23:24] [Server thread/INFO]: Saving the game (this may take a moment!)
[03:23:24] [Server thread/INFO]: Saved the game
[14:42:46] [Server thread/INFO]: goodjob[/31.205.87.190:50262] logged in with entity id 490345 at (1041.3329335797348, 63.0, -1591.6767982206386)
[14:42:46] [Server thread/INFO]: goodjob joined the game
[14:49:12] [Server thread/INFO]: Villager cmk['Villager'/491931, l='ServerLevel[world]', x=807.60, y=78.00, z=-1894.46] died, message: 'Villager hit the ground too hard'
[14:52:03] [Server thread/INFO]: goodjob lost connection: Disconnected
[14:52:03] [Server thread/INFO]: goodjob left the game
[14:52:14] [Server thread/INFO]: goodjob[/31.205.87.190:49809] logged in with entity id 493087 at (917.939263548215, 102.0625, -1768.0149413617405)
[14:52:14] [Server thread/INFO]: goodjob joined the game
[16:18:31] [Server thread/INFO]: HoM[/184.22.35.121:16633] logged in with entity id 514752 at (855.8675207860657, 85.0, -1867.2226316509234)
[16:18:31] [Server thread/INFO]: HoM joined the game
[16:26:50] [Server thread/INFO]: [Not Secure] <goodjob> Azalea tree
[16:26:56] [Server thread/INFO]: [Not Secure] <goodjob> do you have?
[16:27:02] [Server thread/INFO]: [Not Secure] <HoM> no
[16:27:09] [Server thread/INFO]: [Not Secure] <goodjob> kuy
[16:27:22] [Server thread/INFO]: [Not Secure] <HoM> but
[16:27:33] [Server thread/INFO]: [Not Secure] <HoM> i can create its
[16:27:54] [Server thread/INFO]: [Not Secure] <HoM> by the power of admin
[16:28:42] [Server thread/INFO]: [Not Secure] <goodjob> gimme pls
[16:28:48] [Server thread/INFO]: [Not Secure] <goodjob> my bro
[16:28:52] [Server thread/INFO]: [Not Secure] <HoM> just kidding
[16:28:57] [Server thread/INFO]: [Not Secure] <HoM> ; D
[16:29:09] [Server thread/INFO]: [Not Secure] <goodjob> locate biom
[16:29:47] [Server thread/INFO]: [Not Secure] <HoM> gordai
[16:29:59] [Server thread/INFO]: Locating element minecraft:lush_caves took 120 ms
[16:30:07] [Server thread/INFO]: [Not Secure] <HoM> 1537 20 -1749
[16:30:30] [Server thread/INFO]: [Not Secure] <goodjob> nice
[16:33:27] [Server thread/INFO]: [Not Secure] <goodjob> what is this
[16:33:34] [Server thread/INFO]: [Not Secure] <HoM> lush cave
[16:33:42] [Server thread/INFO]: [Not Secure] <goodjob> mansion house in wild
[16:33:53] [Server thread/INFO]: [Not Secure] <HoM> dis
[16:39:39] [Server thread/WARN]: Mismatch in destroy block pos: jd{x=1534, y=64, z=-1740} jd{x=1535, y=64, z=-1738}
[16:39:40] [Server thread/WARN]: Mismatch in destroy block pos: jd{x=1537, y=64, z=-1742} jd{x=1539, y=64, z=-1742}
[16:39:41] [Server thread/WARN]: Mismatch in destroy block pos: jd{x=1540, y=66, z=-1743} jd{x=1541, y=64, z=-1740}
[16:39:41] [Server thread/WARN]: Mismatch in destroy block pos: jd{x=1540, y=66, z=-1743} jd{x=1541, y=64, z=-1740}
[16:39:41] [Server thread/WARN]: Mismatch in destroy block pos: jd{x=1539, y=66, z=-1742} jd{x=1541, y=64, z=-1740}
[16:51:24] [Server thread/INFO]: goodjob drowned
[16:54:44] [Server thread/INFO]: [HoM: Set own game mode to Survival Mode]
[16:57:09] [Server thread/INFO]: [HoM: Set own game mode to Creative Mode]
