2024-06-22 15:59:24,899 DEBUG    root            Loaded Command Group: ['gcloud', 'config']
2024-06-22 15:59:25,068 DEBUG    root            Loaded Command Group: ['gcloud', 'config', 'set']
2024-06-22 15:59:25,070 DEBUG    root            Running [gcloud.config.set] with arguments: [SECTION/PROPERTY: "project", VALUE: "minecraft-427116"]
2024-06-22 15:59:25,194 DEBUG    google.auth.transport.requests Making request: GET http://metadata.google.internal/computeMetadata/v1/instance/service-accounts/683646762475-compute@developer.gserviceaccount.com/?recursive=true
2024-06-22 15:59:25,199 DEBUG    urllib3.connectionpool Starting new HTTP connection (1): metadata.google.internal:80
2024-06-22 15:59:25,202 DEBUG    urllib3.connectionpool http://metadata.google.internal:80 "GET /computeMetadata/v1/instance/service-accounts/683646762475-compute@developer.gserviceaccount.com/?recursive=true HTTP/1.1" 200 196
2024-06-22 15:59:25,218 DEBUG    google.auth.transport.requests Making request: GET http://metadata.google.internal/computeMetadata/v1/instance/service-accounts/683646762475-compute@developer.gserviceaccount.com/token
2024-06-22 15:59:25,236 DEBUG    urllib3.connectionpool http://metadata.google.internal:80 "GET /computeMetadata/v1/instance/service-accounts/683646762475-compute@developer.gserviceaccount.com/token HTTP/1.1" 200 867
2024-06-22 15:59:25,269 DEBUG    urllib3.connectionpool Starting new HTTPS connection (1): cloudresourcemanager.googleapis.com:443
2024-06-22 15:59:26,314 DEBUG    urllib3.connectionpool https://cloudresourcemanager.googleapis.com:443 "GET /v1/projects/minecraft-427116?alt=json HTTP/1.1" 403 None
2024-06-22 15:59:26,321 DEBUG    root            Chosen display Format:default
2024-06-22 15:59:26,414 WARNING  root            [683646762475-compute@developer.gserviceaccount.com] does not have permission to access projects instance [minecraft-427116] (or it may not exist): Request had insufficient authentication scopes. This command is authenticated as 683646762475-compute@developer.gserviceaccount.com which is the active account specified by the [core/account] property.
- '@type': type.googleapis.com/google.rpc.ErrorInfo
  domain: googleapis.com
  metadata:
    method: google.cloudresourcemanager.v1.Projects.GetProject
    service: cloudresourcemanager.googleapis.com
  reason: ACCESS_TOKEN_SCOPE_INSUFFICIENT
2024-06-22 15:59:37,234 INFO     ___FILE_ONLY___ Updated property [core/project].

2024-06-22 15:59:37,235 DEBUG    root            Chosen display Format:default
2024-06-22 15:59:37,236 INFO     root            Display format: "default"
2024-06-22 15:59:37,236 DEBUG    root            SDK update checks are disabled.
